<component name="libraryTable">
  <library name="junit-jupiter-params" type="repository">
    <properties maven-id="org.junit.jupiter:junit-jupiter-params:5.3.1" />
    <CLASSES>
      <root url="jar://$PROJECT_DIR$/lib/junit-jupiter-params-5.3.1.jar!/" />
      <root url="jar://$PROJECT_DIR$/lib/apiguardian-api-1.0.0.jar!/" />
      <root url="jar://$PROJECT_DIR$/lib/junit-jupiter-api-5.3.1.jar!/" />
      <root url="jar://$PROJECT_DIR$/lib/opentest4j-1.1.1.jar!/" />
      <root url="jar://$PROJECT_DIR$/lib/junit-platform-commons-1.3.1.jar!/" />
    </CLASSES>
    <JAVADOC>
      <root url="jar://$PROJECT_DIR$/lib/junit-jupiter-params-5.3.1-javadoc.jar!/" />
      <root url="jar://$PROJECT_DIR$/lib/apiguardian-api-1.0.0-javadoc.jar!/" />
      <root url="jar://$PROJECT_DIR$/lib/junit-jupiter-api-5.3.1-javadoc.jar!/" />
      <root url="jar://$PROJECT_DIR$/lib/opentest4j-1.1.1-javadoc.jar!/" />
      <root url="jar://$PROJECT_DIR$/lib/junit-platform-commons-1.3.1-javadoc.jar!/" />
    </JAVADOC>
    <SOURCES>
      <root url="jar://$PROJECT_DIR$/lib/junit-jupiter-params-5.3.1-sources.jar!/" />
      <root url="jar://$PROJECT_DIR$/lib/apiguardian-api-1.0.0-sources.jar!/" />
      <root url="jar://$PROJECT_DIR$/lib/junit-jupiter-api-5.3.1-sources.jar!/" />
      <root url="jar://$PROJECT_DIR$/lib/opentest4j-1.1.1-sources.jar!/" />
      <root url="jar://$PROJECT_DIR$/lib/junit-platform-commons-1.3.1-sources.jar!/" />
    </SOURCES>
  </library>
</component>